2024-04-24 15:18:48,363 working on the train data
2024-04-24 15:20:33,769 start to copy data for city Hindupur
2024-04-24 15:20:33,807 Hindupur is done
2024-04-24 15:20:33,958 start to copy data for city Zwolle
2024-04-24 15:21:31,064 Zwolle is done
2024-04-24 15:21:31,179 start to copy data for city Sitapur
2024-04-24 15:23:08,814 Sitapur is done
2024-04-24 15:23:09,118 start to copy data for city Reynosa
2024-04-24 15:24:11,733 Reynosa is done
2024-04-24 15:24:11,798 start to copy data for city Milan
2024-04-24 15:24:12,179 Milan is done
2024-04-24 15:24:12,229 start to copy data for city Miami
2024-04-24 15:24:28,320 Miami is done
2024-04-24 15:24:28,474 start to copy data for city Gombe
2024-04-24 15:25:25,973 Gombe is done
2024-04-24 15:25:26,122 start to copy data for city Pune
2024-04-24 15:27:15,855 Pune is done
2024-04-24 15:27:16,056 start to copy data for city Culiacan
2024-04-24 15:27:39,602 Culiacan is done
2024-04-24 15:27:39,717 start to copy data for city Fukuoka
2024-04-24 15:27:42,623 Fukuoka is done
2024-04-24 15:27:42,722 start to copy data for city Jalna
2024-04-24 15:27:42,760 Jalna is done
2024-04-24 15:27:43,007 start to copy data for city Vijayawada
2024-04-24 15:27:43,045 Vijayawada is done
2024-04-24 15:27:43,095 start to copy data for city Medan
2024-04-24 15:28:45,596 Medan is done
2024-04-24 15:28:45,647 start to copy data for city Jaipur
2024-04-24 15:29:01,846 Jaipur is done
2024-04-24 15:29:02,047 start to copy data for city Montreal
2024-04-24 15:30:02,756 Montreal is done
2024-04-24 15:30:02,906 start to copy data for city San Francisco
2024-04-24 15:30:19,742 San Francisco is done
2024-04-24 15:30:19,793 start to copy data for city Denver
2024-04-24 15:30:28,286 Denver is done
2024-04-24 15:30:28,739 start to copy data for city Victoria
2024-04-24 15:32:06,928 Victoria is done
2024-04-24 15:32:06,990 start to copy data for city Saidpur
2024-04-24 15:32:07,027 Saidpur is done
2024-04-24 15:32:07,229 start to copy data for city Quito
2024-04-24 15:32:54,406 Quito is done
2024-04-24 15:32:54,704 start to copy data for city Rajshahi
2024-04-24 15:33:16,313 Rajshahi is done
2024-04-24 15:33:16,363 start to copy data for city Parbhani
2024-04-24 15:33:42,821 Parbhani is done
2024-04-24 15:33:42,921 start to copy data for city Cochabamba
2024-04-24 15:36:57,909 Cochabamba is done
2024-04-24 15:36:57,974 start to copy data for city Santiago
2024-04-24 15:37:43,992 Santiago is done
2024-04-24 15:37:44,193 start to copy data for city Mumbai
2024-04-24 15:39:41,734 Mumbai is done
2024-04-24 15:39:42,086 start to copy data for city Guadalajara
2024-04-24 15:40:20,073 Guadalajara is done
2024-04-24 15:40:20,174 start to copy data for city Vienna
2024-04-24 15:41:23,962 Vienna is done
2024-04-24 15:41:24,176 start to copy data for city Curitiba
2024-04-24 15:41:47,986 Curitiba is done
2024-04-24 15:41:48,036 start to copy data for city Detroit
2024-04-24 15:41:56,940 Detroit is done
2024-04-24 15:41:56,990 start to copy data for city Cirebon
2024-04-24 15:42:35,450 Cirebon is done
2024-04-24 15:42:35,500 start to copy data for city Jequie
2024-04-24 15:43:21,549 Jequie is done
2024-04-24 15:43:21,599 start to copy data for city Auckland
2024-04-24 15:43:34,404 Auckland is done
2024-04-24 15:43:34,453 start to copy data for city Yamaguchi
2024-04-24 15:43:37,591 Yamaguchi is done
2024-04-24 15:43:37,640 start to copy data for city Florianopolis
2024-04-24 15:44:02,687 Florianopolis is done
2024-04-24 15:44:02,737 start to copy data for city Palmas
2024-04-24 15:44:27,424 Palmas is done
2024-04-24 15:44:27,473 start to copy data for city Dzerzhinsk
2024-04-24 15:44:27,712 Dzerzhinsk is done
2024-04-24 15:44:27,812 start to copy data for city Malegaon
2024-04-24 15:45:27,978 Malegaon is done
2024-04-24 15:45:28,128 start to copy data for city Stockholm
2024-04-24 15:45:43,986 Stockholm is done
2024-04-24 15:45:44,035 start to copy data for city Valledupar
2024-04-24 15:46:51,602 Valledupar is done
2024-04-24 15:46:51,653 start to copy data for city Kanpur
2024-04-24 15:47:48,680 Kanpur is done
2024-04-24 15:47:48,828 start to copy data for city Parepare
2024-04-24 15:48:08,521 Parepare is done
2024-04-24 15:48:08,521 train is done
2024-04-24 15:48:08,521 ****************************************************************************************************
