2024-04-24 11:09:17,811 working on the train data
2024-04-24 11:09:22,338 start to copy data for city Chicago
2024-04-24 11:11:24,547 Chicago is done
2024-04-24 11:11:24,605 start to copy data for city Cirebon
2024-04-24 11:13:31,464 Cirebon is done
2024-04-24 11:13:31,525 start to copy data for city Cochabamba
2024-04-24 11:13:31,532 Cochabamba is done
2024-04-24 11:13:31,578 start to copy data for city Culiacan
2024-04-24 11:13:31,584 Culiacan is done
2024-04-24 11:13:31,631 start to copy data for city Curitiba
2024-04-24 11:13:31,637 Curitiba is done
2024-04-24 11:13:31,685 start to copy data for city Denver
2024-04-24 11:13:31,690 Denver is done
2024-04-24 11:13:31,735 start to copy data for city Detroit
2024-04-24 11:20:55,032 Detroit is done
2024-04-24 11:20:55,094 start to copy data for city Dzerzhinsk
2024-04-24 11:20:55,100 Dzerzhinsk is done
2024-04-24 11:20:55,144 start to copy data for city Florianopolis
2024-04-24 11:23:10,862 Florianopolis is done
2024-04-24 11:23:10,915 start to copy data for city Fukuoka
2024-04-24 11:26:32,226 Fukuoka is done
2024-04-24 11:26:32,277 start to copy data for city Gombe
2024-04-24 11:27:13,577 Gombe is done
2024-04-24 11:27:13,627 start to copy data for city Guadalajara
2024-04-24 11:28:53,876 Guadalajara is done
2024-04-24 11:28:53,926 start to copy data for city Hindupur
2024-04-24 11:28:53,932 Hindupur is done
2024-04-24 11:28:53,977 start to copy data for city Hyderabad
2024-04-24 11:28:54,563 Hyderabad is done
2024-04-24 11:28:54,608 start to copy data for city Ilheus
2024-04-24 11:30:21,556 Ilheus is done
2024-04-24 11:30:21,609 start to copy data for city Istanbul
2024-04-24 11:30:22,279 Istanbul is done
2024-04-24 11:30:22,323 start to copy data for city Jaipur
2024-04-24 11:33:30,476 Jaipur is done
2024-04-24 11:33:30,536 start to copy data for city Jalna
2024-04-24 11:33:30,541 Jalna is done
2024-04-24 11:33:30,590 start to copy data for city Jequie
2024-04-24 11:35:12,829 Jequie is done
2024-04-24 11:35:12,886 start to copy data for city Johannesburg
2024-04-24 11:35:13,356 Johannesburg is done
2024-04-24 11:35:13,403 start to copy data for city Kanpur
2024-04-24 11:39:07,116 Kanpur is done
2024-04-24 11:39:07,176 start to copy data for city Kaunas
2024-04-24 11:39:07,182 Kaunas is done
2024-04-24 11:39:07,227 start to copy data for city Kozhikode
2024-04-24 11:39:07,233 Kozhikode is done
2024-04-24 11:39:07,326 start to copy data for city Malegaon
2024-04-24 11:39:07,332 Malegaon is done
2024-04-24 11:39:07,375 start to copy data for city Medan
2024-04-24 11:39:07,381 Medan is done
2024-04-24 11:39:07,424 start to copy data for city Miami
2024-04-24 11:39:07,430 Miami is done
2024-04-24 11:39:07,473 start to copy data for city Milan
2024-04-24 11:39:07,479 Milan is done
2024-04-24 11:39:07,522 start to copy data for city Montreal
2024-04-24 11:39:07,527 Montreal is done
2024-04-24 11:39:07,571 start to copy data for city Mumbai
2024-04-24 11:39:07,576 Mumbai is done
2024-04-24 11:39:07,623 start to copy data for city Okayama
2024-04-24 11:39:07,629 Okayama is done
2024-04-24 11:39:07,676 start to copy data for city Palembang
2024-04-24 11:39:07,682 Palembang is done
2024-04-24 11:39:07,729 start to copy data for city Palermo
2024-04-24 11:39:07,735 Palermo is done
2024-04-24 11:39:07,782 start to copy data for city Palmas
2024-04-24 11:39:07,788 Palmas is done
2024-04-24 11:39:07,835 start to copy data for city Parbhani
2024-04-24 11:39:07,841 Parbhani is done
2024-04-24 11:39:07,889 start to copy data for city Parepare
2024-04-24 11:39:07,895 Parepare is done
2024-04-24 11:39:07,986 start to copy data for city Pune
2024-04-24 11:41:25,328 Pune is done
2024-04-24 11:41:25,385 start to copy data for city Quito
2024-04-24 11:44:56,267 Quito is done
2024-04-24 11:44:56,325 start to copy data for city Rajshahi
2024-04-24 11:47:48,083 Rajshahi is done
2024-04-24 11:47:48,144 start to copy data for city Reynosa
2024-04-24 11:50:21,753 Reynosa is done
2024-04-24 11:50:21,807 start to copy data for city Saidpur
2024-04-24 11:50:21,813 Saidpur is done
2024-04-24 11:50:21,856 start to copy data for city San Francisco
2024-04-24 11:50:58,174 San Francisco is done
2024-04-24 11:50:58,218 start to copy data for city Santiago
2024-04-24 11:53:40,158 Santiago is done
2024-04-24 11:53:40,211 start to copy data for city Seoul
2024-04-24 11:53:40,573 Seoul is done
2024-04-24 11:53:40,618 start to copy data for city Sitapur
2024-04-24 11:55:55,147 Sitapur is done
2024-04-24 11:55:55,205 start to copy data for city Stockholm
2024-04-24 11:57:40,285 Stockholm is done
2024-04-24 11:57:40,330 start to copy data for city Sydney
2024-04-24 11:57:41,251 Sydney is done
2024-04-24 11:57:41,297 start to copy data for city Thessaloniki
2024-04-24 12:01:18,490 Thessaloniki is done
2024-04-24 12:01:18,545 start to copy data for city Tokyo
2024-04-24 12:01:18,996 Tokyo is done
2024-04-24 12:01:19,040 start to copy data for city Valledupar
2024-04-24 12:01:46,218 Valledupar is done
2024-04-24 12:01:46,267 start to copy data for city Victoria
2024-04-24 12:04:29,232 Victoria is done
2024-04-24 12:04:29,310 start to copy data for city Vienna
2024-04-24 12:07:31,872 Vienna is done
2024-04-24 12:07:31,969 start to copy data for city Vijayawada
2024-04-24 12:07:31,975 Vijayawada is done
2024-04-24 12:07:32,045 start to copy data for city Yamaguchi
2024-04-24 12:08:53,846 Yamaguchi is done
2024-04-24 12:08:53,953 start to copy data for city Zwolle
2024-04-24 12:10:35,377 Zwolle is done
2024-04-24 12:10:35,378 train is done
2024-04-24 12:10:35,378 ****************************************************************************************************
