2024-04-24 13:49:30,194 working on the train data
2024-04-24 13:49:59,936 start to copy data for city Chicago
2024-04-24 13:51:04,852 Chicago is done
2024-04-24 13:51:04,902 start to copy data for city Cirebon
2024-04-24 13:51:20,203 Cirebon is done
2024-04-24 13:51:20,251 start to copy data for city Cochabamba
2024-04-24 13:51:20,254 Cochabamba is done
2024-04-24 13:51:20,303 start to copy data for city Culiacan
2024-04-24 13:51:20,306 Culiacan is done
2024-04-24 13:51:20,354 start to copy data for city Curitiba
2024-04-24 13:51:20,357 Curitiba is done
2024-04-24 13:51:20,407 start to copy data for city Denver
2024-04-24 13:51:20,410 Denver is done
2024-04-24 13:51:20,474 start to copy data for city Detroit
2024-04-24 13:51:34,454 Detroit is done
2024-04-24 13:51:34,504 start to copy data for city Dzerzhinsk
2024-04-24 13:51:34,506 Dzerzhinsk is done
2024-04-24 13:51:34,555 start to copy data for city Florianopolis
2024-04-24 13:51:43,419 Florianopolis is done
2024-04-24 13:51:43,467 start to copy data for city Fukuoka
2024-04-24 13:52:16,715 Fukuoka is done
2024-04-24 13:52:16,766 start to copy data for city Gombe
2024-04-24 13:52:16,769 Gombe is done
2024-04-24 13:52:16,818 start to copy data for city Guadalajara
2024-04-24 13:52:16,821 Guadalajara is done
2024-04-24 13:52:16,870 start to copy data for city Hindupur
2024-04-24 13:52:16,873 Hindupur is done
2024-04-24 13:52:16,974 start to copy data for city Ilheus
2024-04-24 13:52:16,977 Ilheus is done
2024-04-24 13:52:17,077 start to copy data for city Jaipur
2024-04-24 13:52:56,683 Jaipur is done
2024-04-24 13:52:56,732 start to copy data for city Jalna
2024-04-24 13:52:56,735 Jalna is done
2024-04-24 13:52:56,784 start to copy data for city Jequie
2024-04-24 13:52:56,787 Jequie is done
2024-04-24 13:52:56,884 start to copy data for city Kanpur
2024-04-24 13:54:25,853 Kanpur is done
2024-04-24 13:54:25,903 start to copy data for city Kaunas
2024-04-24 13:54:25,906 Kaunas is done
2024-04-24 13:54:25,955 start to copy data for city Kozhikode
2024-04-24 13:54:25,958 Kozhikode is done
2024-04-24 13:54:26,055 start to copy data for city Malegaon
2024-04-24 13:54:26,058 Malegaon is done
2024-04-24 13:54:26,107 start to copy data for city Medan
2024-04-24 13:54:26,110 Medan is done
2024-04-24 13:54:26,159 start to copy data for city Miami
2024-04-24 13:54:26,162 Miami is done
2024-04-24 13:54:26,210 start to copy data for city Milan
2024-04-24 13:54:26,213 Milan is done
2024-04-24 13:54:26,271 start to copy data for city Montreal
2024-04-24 13:54:26,274 Montreal is done
2024-04-24 13:54:26,328 start to copy data for city Mumbai
2024-04-24 13:54:26,331 Mumbai is done
2024-04-24 13:54:26,380 start to copy data for city Okayama
2024-04-24 13:54:26,383 Okayama is done
2024-04-24 13:54:26,432 start to copy data for city Palembang
2024-04-24 13:54:26,435 Palembang is done
2024-04-24 13:54:26,484 start to copy data for city Palermo
2024-04-24 13:54:26,487 Palermo is done
2024-04-24 13:54:26,536 start to copy data for city Palmas
2024-04-24 13:54:26,538 Palmas is done
2024-04-24 13:54:26,587 start to copy data for city Parbhani
2024-04-24 13:54:26,590 Parbhani is done
2024-04-24 13:54:26,638 start to copy data for city Parepare
2024-04-24 13:54:26,641 Parepare is done
2024-04-24 13:54:26,737 start to copy data for city Pune
2024-04-24 13:55:31,546 Pune is done
2024-04-24 13:55:31,595 start to copy data for city Quito
2024-04-24 13:57:00,187 Quito is done
2024-04-24 13:57:00,237 start to copy data for city Rajshahi
2024-04-24 13:57:25,291 Rajshahi is done
2024-04-24 13:57:25,340 start to copy data for city Reynosa
2024-04-24 13:58:25,370 Reynosa is done
2024-04-24 13:58:25,432 start to copy data for city Saidpur
2024-04-24 13:58:25,435 Saidpur is done
2024-04-24 13:58:25,483 start to copy data for city San Francisco
2024-04-24 13:58:25,486 San Francisco is done
2024-04-24 13:58:25,535 start to copy data for city Santiago
2024-04-24 13:58:28,790 Santiago is done
2024-04-24 13:58:28,887 start to copy data for city Sitapur
2024-04-24 13:58:33,701 Sitapur is done
2024-04-24 13:58:33,750 start to copy data for city Stockholm
2024-04-24 13:58:33,753 Stockholm is done
2024-04-24 13:58:33,850 start to copy data for city Thessaloniki
2024-04-24 14:00:02,599 Thessaloniki is done
2024-04-24 14:00:02,695 start to copy data for city Valledupar
2024-04-24 14:00:02,698 Valledupar is done
2024-04-24 14:00:02,746 start to copy data for city Victoria
2024-04-24 14:00:59,150 Victoria is done
2024-04-24 14:00:59,200 start to copy data for city Vienna
2024-04-24 14:02:42,812 Vienna is done
2024-04-24 14:02:42,860 start to copy data for city Vijayawada
2024-04-24 14:02:42,862 Vijayawada is done
2024-04-24 14:02:42,910 start to copy data for city Yamaguchi
2024-04-24 14:02:50,959 Yamaguchi is done
2024-04-24 14:02:51,008 start to copy data for city Zwolle
2024-04-24 14:02:51,011 Zwolle is done
2024-04-24 14:02:51,011 train is done
2024-04-24 14:02:51,011 ****************************************************************************************************
