2024-04-24 14:40:03,141 working on the train data
2024-04-24 14:40:07,838 start to copy data for city Chicago
2024-04-24 14:40:10,421 Chicago is done
2024-04-24 14:40:10,468 start to copy data for city Kaunas
2024-04-24 14:40:10,469 Kaunas is done
2024-04-24 14:40:10,605 start to copy data for city Kozhikode
2024-04-24 14:40:10,606 Kozhikode is done
2024-04-24 14:40:10,788 start to copy data for city Okayama
2024-04-24 14:40:10,790 Okayama is done
2024-04-24 14:40:10,881 start to copy data for city Budapest
2024-04-24 14:44:17,145 Budapest is done
2024-04-24 14:44:17,206 start to copy data for city Palembang
2024-04-24 14:44:17,208 Palembang is done
2024-04-24 14:44:17,299 start to copy data for city Antwerp
2024-04-24 14:48:58,529 Antwerp is done
2024-04-24 14:48:58,826 start to copy data for city Accra
2024-04-24 14:48:59,104 Accra is done
2024-04-24 14:48:59,150 start to copy data for city Thessaloniki
2024-04-24 14:49:28,401 Thessaloniki is done
2024-04-24 14:49:28,454 start to copy data for city Ilheus
2024-04-24 14:49:28,455 Ilheus is done
2024-04-24 14:49:28,501 start to copy data for city Palermo
2024-04-24 14:49:28,503 Palermo is done
2024-04-24 14:49:28,598 start to copy data for city Hindupur
2024-04-24 14:49:28,599 Hindupur is done
2024-04-24 14:49:28,741 start to copy data for city Zwolle
2024-04-24 14:49:28,743 Zwolle is done
2024-04-24 14:49:28,841 start to copy data for city Sitapur
2024-04-24 14:49:28,843 Sitapur is done
2024-04-24 14:49:29,140 start to copy data for city Reynosa
2024-04-24 14:49:29,142 Reynosa is done
2024-04-24 14:49:29,190 start to copy data for city Milan
2024-04-24 14:49:29,191 Milan is done
2024-04-24 14:49:29,237 start to copy data for city Miami
2024-04-24 14:49:29,238 Miami is done
2024-04-24 14:49:29,385 start to copy data for city Gombe
2024-04-24 14:49:29,387 Gombe is done
2024-04-24 14:49:29,521 start to copy data for city Pune
2024-04-24 14:49:37,110 Pune is done
2024-04-24 14:49:37,306 start to copy data for city Culiacan
2024-04-24 14:49:37,307 Culiacan is done
2024-04-24 14:49:37,402 start to copy data for city Fukuoka
2024-04-24 14:49:42,289 Fukuoka is done
2024-04-24 14:49:42,382 start to copy data for city Jalna
2024-04-24 14:49:42,384 Jalna is done
2024-04-24 14:49:42,615 start to copy data for city Vijayawada
2024-04-24 14:49:42,617 Vijayawada is done
2024-04-24 14:49:42,664 start to copy data for city Medan
2024-04-24 14:49:42,665 Medan is done
2024-04-24 14:49:42,712 start to copy data for city Jaipur
2024-04-24 14:49:48,310 Jaipur is done
2024-04-24 14:49:48,501 start to copy data for city Montreal
2024-04-24 14:49:48,503 Montreal is done
2024-04-24 14:49:48,645 start to copy data for city San Francisco
2024-04-24 14:49:48,647 San Francisco is done
2024-04-24 14:49:48,695 start to copy data for city Denver
2024-04-24 14:49:48,696 Denver is done
2024-04-24 14:49:49,118 start to copy data for city Victoria
2024-04-24 14:49:49,119 Victoria is done
2024-04-24 14:49:49,165 start to copy data for city Saidpur
2024-04-24 14:49:49,167 Saidpur is done
2024-04-24 14:49:49,350 start to copy data for city Quito
2024-04-24 14:50:32,005 Quito is done
2024-04-24 14:50:32,304 start to copy data for city Rajshahi
2024-04-24 14:50:32,305 Rajshahi is done
2024-04-24 14:50:32,353 start to copy data for city Parbhani
2024-04-24 14:50:32,355 Parbhani is done
2024-04-24 14:50:32,446 start to copy data for city Cochabamba
2024-04-24 14:50:32,448 Cochabamba is done
2024-04-24 14:50:32,494 start to copy data for city Santiago
2024-04-24 14:50:32,495 Santiago is done
2024-04-24 14:50:32,772 start to copy data for city Mumbai
2024-04-24 14:50:32,774 Mumbai is done
2024-04-24 14:50:33,099 start to copy data for city Guadalajara
2024-04-24 14:50:33,101 Guadalajara is done
2024-04-24 14:50:33,200 start to copy data for city Vienna
2024-04-24 14:51:45,370 Vienna is done
2024-04-24 14:51:45,567 start to copy data for city Curitiba
2024-04-24 14:51:45,568 Curitiba is done
2024-04-24 14:51:45,615 start to copy data for city Detroit
2024-04-24 14:51:45,616 Detroit is done
2024-04-24 14:51:45,662 start to copy data for city Cirebon
2024-04-24 14:51:45,663 Cirebon is done
2024-04-24 14:51:45,710 start to copy data for city Jequie
2024-04-24 14:51:45,711 Jequie is done
2024-04-24 14:51:45,756 start to copy data for city Auckland
2024-04-24 14:56:12,754 Auckland is done
2024-04-24 14:56:12,820 start to copy data for city Yamaguchi
2024-04-24 14:56:12,822 Yamaguchi is done
2024-04-24 14:56:12,870 start to copy data for city Florianopolis
2024-04-24 14:56:12,872 Florianopolis is done
2024-04-24 14:56:12,921 start to copy data for city Palmas
2024-04-24 14:56:12,923 Palmas is done
2024-04-24 14:56:12,971 start to copy data for city Dzerzhinsk
2024-04-24 14:56:12,972 Dzerzhinsk is done
2024-04-24 14:56:13,067 start to copy data for city Malegaon
2024-04-24 14:56:13,068 Malegaon is done
2024-04-24 14:56:13,209 start to copy data for city Stockholm
2024-04-24 14:56:13,210 Stockholm is done
2024-04-24 14:56:13,256 start to copy data for city Valledupar
2024-04-24 14:56:13,257 Valledupar is done
2024-04-24 14:56:13,311 start to copy data for city Kanpur
2024-04-24 14:57:15,897 Kanpur is done
2024-04-24 14:57:16,048 start to copy data for city Parepare
2024-04-24 14:57:16,049 Parepare is done
2024-04-24 14:57:16,050 train is done
2024-04-24 14:57:16,050 ****************************************************************************************************
